********************************************************************************
DUPLICATOR-LITE PACKAGE-LOG: March 26, 2018 9:17 am
NOTICE: Do NOT post to public sites or forums 
********************************************************************************
VERSION:	1.2.34
WORDPRESS:	4.9.4
PHP INFO:	5.6.31 | SAPI: apache2handler
SERVER:		Apache/2.4.27 (Win64) PHP/5.6.31 
PHP TIME LIMIT: (0) no time limit imposed 
PHP MAX MEMORY: 2048M (128M default) 
MEMORY STACK: 30.75MB 

********************************************************************************
DATABASE:
********************************************************************************
BUILD MODE:   PHP(query limit - 100)
MYSQLTIMEOUT: 5000
MYSQLDUMP:    Not Supported 
TABLES: total:13 | filtered:0 | create:13 
FILTERED: [] 
SQL CREATED: 20180319_vancouvermedicalcollege_b845e225a715c5472637180326091646_database.sql 
SQL FILE SIZE: 688.77KB (705304) 
SQL FILE TIME: 2018-03-26 09:17:01 
SQL RUNTIME: 1.33 sec. 

******************************************************************************** 
ARCHIVE (ZIP): 
******************************************************************************** 
ARCHIVE DIR:  C:/Dev/WordPress-Template/wordpress 
ARCHIVE FILE: 20180319_vancouvermedicalcollege_b845e225a715c5472637180326091646_archive.zip 
FILTERS: *OFF* 
DIRS:
	not set 
FILES:
	not set 
EXTS:  not set 
---------------------------------------- 
COMPRESSING 
SIZE:	55.08MB 
STATS:	Dirs 175 | Files 1,739 
SQL ADDED: 20180319_vancouvermedicalcollege_b845e225a715c5472637180326091646_database.sql 
ZipArchive Object
(
    [status] => 0
    [statusSys] => 0
    [numFiles] => 1914
    [filename] => C:\Dev\WordPress-Template\wordpress\wp-snapshots\tmp\20180319_vancouvermedicalcollege_b845e225a715c5472637180326091646_archive.zip
    [comment] => 
)
 
COMPRESSION RESULT: '1' 
COMPRESSED SIZE: 37.5MB 
ARCHIVE RUNTIME: 26.47 sec. 
MEMORY STACK: 31.75MB 

******************************************************************************** 
MAKE INSTALLER: 
******************************************************************************** 
Build Start 
Build Finished 
Preping for use 
PACK SIZE:  
Template parsed with new data 
Complete [C:/Dev/WordPress-Template/wordpress/wp-snapshots/tmp/20180319_vancouvermedicalcollege_b845e225a715c5472637180326091646_installer.php] 
Added to archive 

******************************************************************************** 
INTEGRITY CHECKS: 
******************************************************************************** 
SQL File: 688.77KB 
Installer File: 445.38KB 
Archive File: 37.5MB  

********************************************************************************
RECORD ID:[9]
TOTAL PROCESS RUNTIME: 35.66 sec.
PEAK PHP MEMORY USED: 34.25MB
DONE PROCESSING => 20180319_vancouvermedicalcollege March 26, 2018 9:17 am
 
