********************************************************************************
DUPLICATOR-LITE PACKAGE-LOG: March 22, 2018 12:31 am
NOTICE: Do NOT post to public sites or forums 
********************************************************************************
VERSION:	1.2.34
WORDPRESS:	4.9.4
PHP INFO:	5.6.31 | SAPI: apache2handler
SERVER:		Apache/2.4.27 (Win64) PHP/5.6.31 
PHP TIME LIMIT: (0) no time limit imposed 
PHP MAX MEMORY: 2048M (128M default) 
MEMORY STACK: 30.5MB 

********************************************************************************
DATABASE:
********************************************************************************
BUILD MODE:   PHP(query limit - 100)
MYSQLTIMEOUT: 5000
MYSQLDUMP:    Not Supported 
TABLES: total:13 | filtered:0 | create:13 
FILTERED: [] 
SQL CREATED: 20180319_vancouvermedicalcollege_86c7ea1bfa0693f17803180322003045_database.sql 
SQL FILE SIZE: 489.79KB (501544) 
SQL FILE TIME: 2018-03-22 00:31:25 
SQL RUNTIME: 0.47 sec. 

******************************************************************************** 
ARCHIVE (ZIP): 
******************************************************************************** 
ARCHIVE DIR:  C:/Dev/WordPress-Template/wordpress 
ARCHIVE FILE: 20180319_vancouvermedicalcollege_86c7ea1bfa0693f17803180322003045_archive.zip 
FILTERS: *OFF* 
DIRS:
	not set 
FILES:
	not set 
EXTS:  not set 
---------------------------------------- 
COMPRESSING 
SIZE:	39.76MB 
STATS:	Dirs 176 | Files 1,646 
SQL ADDED: 20180319_vancouvermedicalcollege_86c7ea1bfa0693f17803180322003045_database.sql 
ZipArchive Object
(
    [status] => 0
    [statusSys] => 0
    [numFiles] => 1822
    [filename] => C:\Dev\WordPress-Template\wordpress\wp-snapshots\tmp\20180319_vancouvermedicalcollege_86c7ea1bfa0693f17803180322003045_archive.zip
    [comment] => 
)
 
COMPRESSION RESULT: '1' 
COMPRESSED SIZE: 22.27MB 
ARCHIVE RUNTIME: 4.31 sec. 
MEMORY STACK: 31.25MB 

******************************************************************************** 
MAKE INSTALLER: 
******************************************************************************** 
Build Start 
Build Finished 
Preping for use 
PACK SIZE:  
Template parsed with new data 
Complete [C:/Dev/WordPress-Template/wordpress/wp-snapshots/tmp/20180319_vancouvermedicalcollege_86c7ea1bfa0693f17803180322003045_installer.php] 
Added to archive 

******************************************************************************** 
INTEGRITY CHECKS: 
******************************************************************************** 
SQL File: 489.79KB 
Installer File: 445.38KB 
Archive File: 22.27MB  

********************************************************************************
RECORD ID:[4]
TOTAL PROCESS RUNTIME: 12.26 sec.
PEAK PHP MEMORY USED: 34.25MB
DONE PROCESSING => 20180319_vancouvermedicalcollege March 22, 2018 12:31 am
 
