********************************************************************************
DUPLICATOR-LITE PACKAGE-LOG: March 23, 2018 6:17 am
NOTICE: Do NOT post to public sites or forums 
********************************************************************************
VERSION:	1.2.34
WORDPRESS:	4.9.4
PHP INFO:	5.6.31 | SAPI: apache2handler
SERVER:		Apache/2.4.27 (Win64) PHP/5.6.31 
PHP TIME LIMIT: (0) no time limit imposed 
PHP MAX MEMORY: 2048M (128M default) 
MEMORY STACK: 30.5MB 

********************************************************************************
DATABASE:
********************************************************************************
BUILD MODE:   PHP(query limit - 100)
MYSQLTIMEOUT: 5000
MYSQLDUMP:    Not Supported 
TABLES: total:13 | filtered:0 | create:13 
FILTERED: [] 
SQL CREATED: 20180319_vancouvermedicalcollege_6d4c8564b1adee066611180323061646_database.sql 
SQL FILE SIZE: 525.14KB (537741) 
SQL FILE TIME: 2018-03-23 06:17:42 
SQL RUNTIME: 0.61 sec. 

******************************************************************************** 
ARCHIVE (ZIP): 
******************************************************************************** 
ARCHIVE DIR:  C:/Dev/WordPress-Template/wordpress 
ARCHIVE FILE: 20180319_vancouvermedicalcollege_6d4c8564b1adee066611180323061646_archive.zip 
FILTERS: *OFF* 
DIRS:
	not set 
FILES:
	not set 
EXTS:  not set 
---------------------------------------- 
COMPRESSING 
SIZE:	46.25MB 
STATS:	Dirs 176 | Files 1,643 
SQL ADDED: 20180319_vancouvermedicalcollege_6d4c8564b1adee066611180323061646_database.sql 
ZipArchive Object
(
    [status] => 0
    [statusSys] => 0
    [numFiles] => 1819
    [filename] => C:\Dev\WordPress-Template\wordpress\wp-snapshots\tmp\20180319_vancouvermedicalcollege_6d4c8564b1adee066611180323061646_archive.zip
    [comment] => 
)
 
COMPRESSION RESULT: '1' 
COMPRESSED SIZE: 28.72MB 
ARCHIVE RUNTIME: 31.17 sec. 
MEMORY STACK: 31.25MB 

******************************************************************************** 
MAKE INSTALLER: 
******************************************************************************** 
Build Start 
Build Finished 
Preping for use 
PACK SIZE:  
Template parsed with new data 
Complete [C:/Dev/WordPress-Template/wordpress/wp-snapshots/tmp/20180319_vancouvermedicalcollege_6d4c8564b1adee066611180323061646_installer.php] 
Added to archive 

******************************************************************************** 
INTEGRITY CHECKS: 
******************************************************************************** 
SQL File: 525.14KB 
Installer File: 445.38KB 
Archive File: 28.72MB  

********************************************************************************
RECORD ID:[6]
TOTAL PROCESS RUNTIME: 39.40 sec.
PEAK PHP MEMORY USED: 33.75MB
DONE PROCESSING => 20180319_vancouvermedicalcollege March 23, 2018 6:18 am
 
